<?xml version="1.0" encoding="UTF-8" ?>
<testsuite tests="5" failures="0" name="com.niit.jtest.SupplierJUnitTest" time="0.304" errors="0" skipped="4">
  <properties>
[...]
</properties>
  <testcase classname="com.niit.jtest.SupplierJUnitTest" name="get_supplier_by_id" time="0.204">
    <skipped/>
    <system-out>Session Factory Object created
</system-out>
    <system-err>Oct 11, 2017 10:25:39 AM org.springframework.context.annotation.AnnotationConfigApplicationContext prepareRefresh
INFO: Refreshing org.springframework.context.annotation.AnnotationConfigApplicationContext@4e7095ac: startup date [Wed Oct 11 10:25:39 IST 2017]; root of context hierarchy
Oct 11, 2017 10:25:39 AM org.springframework.jdbc.datasource.DriverManagerDataSource setDriverClassName
INFO: Loaded JDBC driver: org.h2.Driver
Oct 11, 2017 10:25:39 AM org.hibernate.dialect.Dialect &lt;init&gt;
INFO: HHH000400: Using dialect: org.hibernate.dialect.H2Dialect
Oct 11, 2017 10:25:39 AM org.hibernate.engine.transaction.internal.TransactionFactoryInitiator initiateService
INFO: HHH000399: Using default transaction strategy (direct JDBC transactions)
Oct 11, 2017 10:25:39 AM org.hibernate.hql.internal.ast.ASTQueryTranslatorFactory &lt;init&gt;
INFO: HHH000397: Using ASTQueryTranslatorFactory
Oct 11, 2017 10:25:39 AM org.hibernate.tool.hbm2ddl.SchemaUpdate execute
INFO: HHH000228: Running hbm2ddl schema update
Oct 11, 2017 10:25:39 AM org.hibernate.tool.hbm2ddl.SchemaUpdate execute
INFO: HHH000102: Fetching database metadata
Oct 11, 2017 10:25:39 AM org.hibernate.tool.hbm2ddl.SchemaUpdate execute
INFO: HHH000396: Updating schema
Oct 11, 2017 10:25:39 AM org.hibernate.tool.hbm2ddl.TableMetadata &lt;init&gt;
INFO: HHH000261: Table found: PROJECT1.PUBLIC.CATEGORY
Oct 11, 2017 10:25:39 AM org.hibernate.tool.hbm2ddl.TableMetadata &lt;init&gt;
INFO: HHH000037: Columns: [description, categoryname, type, categoryid]
Oct 11, 2017 10:25:39 AM org.hibernate.tool.hbm2ddl.TableMetadata &lt;init&gt;
INFO: HHH000108: Foreign keys: []
Oct 11, 2017 10:25:39 AM org.hibernate.tool.hbm2ddl.TableMetadata &lt;init&gt;
INFO: HHH000126: Indexes: [primary_key_3]
Oct 11, 2017 10:25:39 AM org.hibernate.tool.hbm2ddl.TableMetadata &lt;init&gt;
INFO: HHH000261: Table found: PROJECT1.PUBLIC.PRODUCT
Oct 11, 2017 10:25:39 AM org.hibernate.tool.hbm2ddl.TableMetadata &lt;init&gt;
INFO: HHH000037: Columns: [productweight, productid, productstock, description, productname, type, productprice]
Oct 11, 2017 10:25:39 AM org.hibernate.tool.hbm2ddl.TableMetadata &lt;init&gt;
INFO: HHH000108: Foreign keys: []
Oct 11, 2017 10:25:39 AM org.hibernate.tool.hbm2ddl.TableMetadata &lt;init&gt;
INFO: HHH000126: Indexes: [primary_key_1]
Oct 11, 2017 10:25:39 AM org.hibernate.tool.hbm2ddl.TableMetadata &lt;init&gt;
INFO: HHH000261: Table found: PROJECT1.PUBLIC.SUPPLIER
Oct 11, 2017 10:25:39 AM org.hibernate.tool.hbm2ddl.TableMetadata &lt;init&gt;
INFO: HHH000037: Columns: [suppliername, supplierid, suppliercontact, supplieraddress]
Oct 11, 2017 10:25:39 AM org.hibernate.tool.hbm2ddl.TableMetadata &lt;init&gt;
INFO: HHH000108: Foreign keys: []
Oct 11, 2017 10:25:39 AM org.hibernate.tool.hbm2ddl.TableMetadata &lt;init&gt;
INFO: HHH000126: Indexes: [primary_key_c]
Oct 11, 2017 10:25:39 AM org.hibernate.tool.hbm2ddl.SchemaUpdate execute
INFO: HHH000232: Schema update complete
Oct 11, 2017 10:25:39 AM org.springframework.orm.hibernate4.HibernateTransactionManager afterPropertiesSet
INFO: Using DataSource [org.springframework.jdbc.datasource.DriverManagerDataSource@304a9d7b] of Hibernate SessionFactory for HibernateTransactionManager
</system-err>
  </testcase>
  <testcase classname="com.niit.jtest.SupplierJUnitTest" name="get_all_supplier_success" time="0.025"/>
  <testcase classname="com.niit.jtest.SupplierJUnitTest" name="delete_supplier" time="0.025">
    <skipped/>
  </testcase>
  <testcase classname="com.niit.jtest.SupplierJUnitTest" name="add_Supply_success" time="0.025">
    <skipped/>
  </testcase>
  <testcase classname="com.niit.jtest.SupplierJUnitTest" name="update_supplier" time="0.025">
    <skipped/>
  </testcase>
</testsuite>